[HGCALShowerBasedEmIdentification::startPosition] showerPos  (-24.9834,60.3999,-330.292) 
[HGCALShowerBasedEmIdentification::startPosition] showerDir  (-0.0886201,0.167437,-0.981892) 
[HGCALShowerBasedEmIdentification::startPosition] firstPos  (-24.0888,58.7097,-320.38) 
[HGCALShowerBasedEmIdentification::lengthCompatibility] sigma/m squared 1st term 0.000731889
[HGCALShowerBasedEmIdentification::lengthCompatibility] sigma/m squared with 2nd term 0.0099688
[HGCALShowerBasedEmIdentification::lengthCompatibility] sigma/m squared with correlation 0.00713361
[HGCALShowerBasedEmIdentification::lengthCompatibility] predictedLength-length 0.58453
[HGCALShowerBasedEmIdentification::lengthCompatibility] sigmalntmax 0.0961088
[HGCALShowerBasedEmIdentification::lengthCompatibility] sigmalnalpha 0.123272
[HGCALShowerBasedEmIdentification::lengthCompatibility] predictedSigma 0.90197
[HGCALShowerBasedEmIdentification::lengthCompatibility] lengthCompatibility 0.648059
[HGCALShowerBasedEmIdentification::startPosition] showerPos  (-24.9834,60.3999,-330.292) 
[HGCALShowerBasedEmIdentification::startPosition] showerDir  (-0.0886201,0.167437,-0.981892) 
[HGCALShowerBasedEmIdentification::startPosition] firstPos  (-24.0888,58.7097,-320.38) 
[HGCALShowerBasedEmIdentification::lengthCompatibility] sigma/m squared 1st term 0.000731889
[HGCALShowerBasedEmIdentification::lengthCompatibility] sigma/m squared with 2nd term 0.0099688
[HGCALShowerBasedEmIdentification::lengthCompatibility] sigma/m squared with correlation 0.00713361
[HGCALShowerBasedEmIdentification::lengthCompatibility] predictedLength-length 0.58453
[HGCALShowerBasedEmIdentification::lengthCompatibility] sigmalntmax 0.0961088
[HGCALShowerBasedEmIdentification::lengthCompatibility] sigmalnalpha 0.123272
[HGCALShowerBasedEmIdentification::lengthCompatibility] predictedSigma 0.90197
[HGCALShowerBasedEmIdentification::lengthCompatibility] lengthCompatibility 0.648059
[HGCALShowerBasedEmIdentification::startPosition] showerPos  (-24.9834,60.3999,-330.292) 
[HGCALShowerBasedEmIdentification::startPosition] showerDir  (-0.0886201,0.167437,-0.981892) 
[HGCALShowerBasedEmIdentification::startPosition] firstPos  (-24.0888,58.7097,-320.38) 
[HGCALShowerBasedEmIdentification::startPosition] showerPos  (-24.9834,60.3999,-330.292) 
[HGCALShowerBasedEmIdentification::startPosition] showerDir  (-0.0886201,0.167437,-0.981892) 
[HGCALShowerBasedEmIdentification::startPosition] firstPos  (-24.0888,58.7097,-320.38) 
[HGCALShowerBasedEmIdentification::startPosition] showerPos  (-24.9834,60.3999,-330.292) 
[HGCALShowerBasedEmIdentification::startPosition] showerDir  (-0.0886201,0.167437,-0.981892) 
[HGCALShowerBasedEmIdentification::startPosition] firstPos  (-24.0888,58.7097,-320.38) 
[HGCALShowerBasedEmIdentification::startPosition] showerPos  (22.8264,-57.5629,330.008) 
[HGCALShowerBasedEmIdentification::startPosition] showerDir  (0.104137,-0.161283,0.981399) 
[HGCALShowerBasedEmIdentification::startPosition] firstPos  (21.8048,-55.9807,320.38) 
[HGCALShowerBasedEmIdentification::lengthCompatibility] sigma/m squared 1st term 0.000734202
[HGCALShowerBasedEmIdentification::lengthCompatibility] sigma/m squared with 2nd term 0.00998728
[HGCALShowerBasedEmIdentification::lengthCompatibility] sigma/m squared with correlation 0.00714425
[HGCALShowerBasedEmIdentification::lengthCompatibility] predictedLength-length 0.86216
[HGCALShowerBasedEmIdentification::lengthCompatibility] sigmalntmax 0.0961929
[HGCALShowerBasedEmIdentification::lengthCompatibility] sigmalnalpha 0.123359
[HGCALShowerBasedEmIdentification::lengthCompatibility] predictedSigma 0.902049
[HGCALShowerBasedEmIdentification::lengthCompatibility] lengthCompatibility 0.95578
[HGCALShowerBasedEmIdentification::startPosition] showerPos  (22.8264,-57.5629,330.008) 
[HGCALShowerBasedEmIdentification::startPosition] showerDir  (0.104137,-0.161283,0.981399) 
[HGCALShowerBasedEmIdentification::startPosition] firstPos  (21.8048,-55.9807,320.38) 
[HGCALShowerBasedEmIdentification::lengthCompatibility] sigma/m squared 1st term 0.000734202
[HGCALShowerBasedEmIdentification::lengthCompatibility] sigma/m squared with 2nd term 0.00998728
[HGCALShowerBasedEmIdentification::lengthCompatibility] sigma/m squared with correlation 0.00714425
[HGCALShowerBasedEmIdentification::lengthCompatibility] predictedLength-length 0.86216
[HGCALShowerBasedEmIdentification::lengthCompatibility] sigmalntmax 0.0961929
[HGCALShowerBasedEmIdentification::lengthCompatibility] sigmalnalpha 0.123359
[HGCALShowerBasedEmIdentification::lengthCompatibility] predictedSigma 0.902049
[HGCALShowerBasedEmIdentification::lengthCompatibility] lengthCompatibility 0.95578
[HGCALShowerBasedEmIdentification::startPosition] showerPos  (22.8264,-57.5629,330.008) 
[HGCALShowerBasedEmIdentification::startPosition] showerDir  (0.104137,-0.161283,0.981399) 
[HGCALShowerBasedEmIdentification::startPosition] firstPos  (21.8048,-55.9807,320.38) 
[HGCALShowerBasedEmIdentification::startPosition] showerPos  (22.8264,-57.5629,330.008) 
[HGCALShowerBasedEmIdentification::startPosition] showerDir  (0.104137,-0.161283,0.981399) 
[HGCALShowerBasedEmIdentification::startPosition] firstPos  (21.8048,-55.9807,320.38) 
[HGCALShowerBasedEmIdentification::startPosition] showerPos  (22.8264,-57.5629,330.008) 
[HGCALShowerBasedEmIdentification::startPosition] showerDir  (0.104137,-0.161283,0.981399) 
[HGCALShowerBasedEmIdentification::startPosition] firstPos  (21.8048,-55.9807,320.38) 
[HGCALShowerBasedEmIdentification::startPosition] showerPos  (-52.4927,-38.3758,330.885) 
[HGCALShowerBasedEmIdentification::startPosition] showerDir  (-0.200957,-0.0591075,0.977815) 
[HGCALShowerBasedEmIdentification::startPosition] firstPos  (-50.3337,-37.7408,320.38) 
[HGCALShowerBasedEmIdentification::lengthCompatibility] sigma/m squared 1st term 0.000738467
[HGCALShowerBasedEmIdentification::lengthCompatibility] sigma/m squared with 2nd term 0.0100213
[HGCALShowerBasedEmIdentification::lengthCompatibility] sigma/m squared with correlation 0.00716381
[HGCALShowerBasedEmIdentification::lengthCompatibility] predictedLength-length -0.0845677
[HGCALShowerBasedEmIdentification::lengthCompatibility] sigmalntmax 0.0963474
[HGCALShowerBasedEmIdentification::lengthCompatibility] sigmalnalpha 0.123521
[HGCALShowerBasedEmIdentification::lengthCompatibility] predictedSigma 0.902194
[HGCALShowerBasedEmIdentification::lengthCompatibility] lengthCompatibility -0.0937357
[HGCALShowerBasedEmIdentification::startPosition] showerPos  (-52.4927,-38.3758,330.885) 
[HGCALShowerBasedEmIdentification::startPosition] showerDir  (-0.200957,-0.0591075,0.977815) 
[HGCALShowerBasedEmIdentification::startPosition] firstPos  (-50.3337,-37.7408,320.38) 
[HGCALShowerBasedEmIdentification::lengthCompatibility] sigma/m squared 1st term 0.000738467
[HGCALShowerBasedEmIdentification::lengthCompatibility] sigma/m squared with 2nd term 0.0100213
[HGCALShowerBasedEmIdentification::lengthCompatibility] sigma/m squared with correlation 0.00716381
[HGCALShowerBasedEmIdentification::lengthCompatibility] predictedLength-length -0.0845677
[HGCALShowerBasedEmIdentification::lengthCompatibility] sigmalntmax 0.0963474
[HGCALShowerBasedEmIdentification::lengthCompatibility] sigmalnalpha 0.123521
[HGCALShowerBasedEmIdentification::lengthCompatibility] predictedSigma 0.902194
[HGCALShowerBasedEmIdentification::lengthCompatibility] lengthCompatibility -0.0937357
[HGCALShowerBasedEmIdentification::startPosition] showerPos  (-52.4927,-38.3758,330.885) 
[HGCALShowerBasedEmIdentification::startPosition] showerDir  (-0.200957,-0.0591075,0.977815) 
[HGCALShowerBasedEmIdentification::startPosition] firstPos  (-50.3337,-37.7408,320.38) 
[HGCALShowerBasedEmIdentification::startPosition] showerPos  (-52.4927,-38.3758,330.885) 
[HGCALShowerBasedEmIdentification::startPosition] showerDir  (-0.200957,-0.0591075,0.977815) 
[HGCALShowerBasedEmIdentification::startPosition] firstPos  (-50.3337,-37.7408,320.38) 
[HGCALShowerBasedEmIdentification::startPosition] showerPos  (-52.4927,-38.3758,330.885) 
[HGCALShowerBasedEmIdentification::startPosition] showerDir  (-0.200957,-0.0591075,0.977815) 
[HGCALShowerBasedEmIdentification::startPosition] firstPos  (-50.3337,-37.7408,320.38) 
[HGCALShowerBasedEmIdentification::startPosition] showerPos  (52.7381,37.1719,-330.388) 
[HGCALShowerBasedEmIdentification::startPosition] showerDir  (0.133844,0.159486,-0.978085) 
[HGCALShowerBasedEmIdentification::startPosition] firstPos  (51.3686,35.54,-320.38) 
[HGCALShowerBasedEmIdentification::lengthCompatibility] sigma/m squared 1st term 0.000718284
[HGCALShowerBasedEmIdentification::lengthCompatibility] sigma/m squared with 2nd term 0.00985967
[HGCALShowerBasedEmIdentification::lengthCompatibility] sigma/m squared with correlation 0.0070707
[HGCALShowerBasedEmIdentification::lengthCompatibility] predictedLength-length 0.488651
[HGCALShowerBasedEmIdentification::lengthCompatibility] sigmalntmax 0.0956106
[HGCALShowerBasedEmIdentification::lengthCompatibility] sigmalnalpha 0.122751
[HGCALShowerBasedEmIdentification::lengthCompatibility] predictedSigma 0.901503
[HGCALShowerBasedEmIdentification::lengthCompatibility] lengthCompatibility 0.542041
[HGCALShowerBasedEmIdentification::startPosition] showerPos  (52.7381,37.1719,-330.388) 
[HGCALShowerBasedEmIdentification::startPosition] showerDir  (0.133844,0.159486,-0.978085) 
[HGCALShowerBasedEmIdentification::startPosition] firstPos  (51.3686,35.54,-320.38) 
[HGCALShowerBasedEmIdentification::lengthCompatibility] sigma/m squared 1st term 0.000718284
[HGCALShowerBasedEmIdentification::lengthCompatibility] sigma/m squared with 2nd term 0.00985967
[HGCALShowerBasedEmIdentification::lengthCompatibility] sigma/m squared with correlation 0.0070707
[HGCALShowerBasedEmIdentification::lengthCompatibility] predictedLength-length 0.488651
[HGCALShowerBasedEmIdentification::lengthCompatibility] sigmalntmax 0.0956106
[HGCALShowerBasedEmIdentification::lengthCompatibility] sigmalnalpha 0.122751
[HGCALShowerBasedEmIdentification::lengthCompatibility] predictedSigma 0.901503
[HGCALShowerBasedEmIdentification::lengthCompatibility] lengthCompatibility 0.542041
[HGCALShowerBasedEmIdentification::startPosition] showerPos  (52.7381,37.1719,-330.388) 
[HGCALShowerBasedEmIdentification::startPosition] showerDir  (0.133844,0.159486,-0.978085) 
[HGCALShowerBasedEmIdentification::startPosition] firstPos  (51.3686,35.54,-320.38) 
[HGCALShowerBasedEmIdentification::startPosition] showerPos  (52.7381,37.1719,-330.388) 
[HGCALShowerBasedEmIdentification::startPosition] showerDir  (0.133844,0.159486,-0.978085) 
[HGCALShowerBasedEmIdentification::startPosition] firstPos  (51.3686,35.54,-320.38) 
[HGCALShowerBasedEmIdentification::startPosition] showerPos  (52.7381,37.1719,-330.388) 
[HGCALShowerBasedEmIdentification::startPosition] showerDir  (0.133844,0.159486,-0.978085) 
[HGCALShowerBasedEmIdentification::startPosition] firstPos  (51.3686,35.54,-320.38) 
[HGCALShowerBasedEmIdentification::startPosition] showerPos  (78.0482,81.1187,-330.449) 
[HGCALShowerBasedEmIdentification::startPosition] showerDir  (0.194863,0.255771,-0.946895) 
[HGCALShowerBasedEmIdentification::startPosition] firstPos  (75.9761,78.3988,-320.38) 
[HGCALShowerBasedEmIdentification::lengthCompatibility] sigma/m squared 1st term 0.000913603
[HGCALShowerBasedEmIdentification::lengthCompatibility] sigma/m squared with 2nd term 0.0113618
[HGCALShowerBasedEmIdentification::lengthCompatibility] sigma/m squared with correlation 0.00792129
[HGCALShowerBasedEmIdentification::lengthCompatibility] predictedLength-length -0.434239
[HGCALShowerBasedEmIdentification::lengthCompatibility] sigmalntmax 0.102217
[HGCALShowerBasedEmIdentification::lengthCompatibility] sigmalnalpha 0.129576
[HGCALShowerBasedEmIdentification::lengthCompatibility] predictedSigma 0.907792
[HGCALShowerBasedEmIdentification::lengthCompatibility] lengthCompatibility -0.478346
[HGCALShowerBasedEmIdentification::startPosition] showerPos  (78.0482,81.1187,-330.449) 
[HGCALShowerBasedEmIdentification::startPosition] showerDir  (0.194863,0.255771,-0.946895) 
[HGCALShowerBasedEmIdentification::startPosition] firstPos  (75.9761,78.3988,-320.38) 
[HGCALShowerBasedEmIdentification::lengthCompatibility] sigma/m squared 1st term 0.000913603
[HGCALShowerBasedEmIdentification::lengthCompatibility] sigma/m squared with 2nd term 0.0113618
[HGCALShowerBasedEmIdentification::lengthCompatibility] sigma/m squared with correlation 0.00792129
[HGCALShowerBasedEmIdentification::lengthCompatibility] predictedLength-length -0.434239
[HGCALShowerBasedEmIdentification::lengthCompatibility] sigmalntmax 0.102217
[HGCALShowerBasedEmIdentification::lengthCompatibility] sigmalnalpha 0.129576
[HGCALShowerBasedEmIdentification::lengthCompatibility] predictedSigma 0.907792
[HGCALShowerBasedEmIdentification::lengthCompatibility] lengthCompatibility -0.478346
[HGCALShowerBasedEmIdentification::startPosition] showerPos  (78.0482,81.1187,-330.449) 
[HGCALShowerBasedEmIdentification::startPosition] showerDir  (0.194863,0.255771,-0.946895) 
[HGCALShowerBasedEmIdentification::startPosition] firstPos  (75.9761,78.3988,-320.38) 
[HGCALShowerBasedEmIdentification::startPosition] showerPos  (78.0482,81.1187,-330.449) 
[HGCALShowerBasedEmIdentification::startPosition] showerDir  (0.194863,0.255771,-0.946895) 
[HGCALShowerBasedEmIdentification::startPosition] firstPos  (75.9761,78.3988,-320.38) 
[HGCALShowerBasedEmIdentification::startPosition] showerPos  (78.0482,81.1187,-330.449) 
[HGCALShowerBasedEmIdentification::startPosition] showerDir  (0.194863,0.255771,-0.946895) 
[HGCALShowerBasedEmIdentification::startPosition] firstPos  (75.9761,78.3988,-320.38) 
[HGCALShowerBasedEmIdentification::startPosition] showerPos  (-79.1875,-77.6055,331.134) 
[HGCALShowerBasedEmIdentification::startPosition] showerDir  (-0.205419,-0.247497,0.946862) 
[HGCALShowerBasedEmIdentification::startPosition] firstPos  (-77.0659,-75.0494,321.355) 
[HGCALShowerBasedEmIdentification::lengthCompatibility] sigma/m squared 1st term 0.00101286
[HGCALShowerBasedEmIdentification::lengthCompatibility] sigma/m squared with 2nd term 0.01208
[HGCALShowerBasedEmIdentification::lengthCompatibility] sigma/m squared with correlation 0.00831699
[HGCALShowerBasedEmIdentification::lengthCompatibility] predictedLength-length -0.341857
[HGCALShowerBasedEmIdentification::lengthCompatibility] sigmalntmax 0.1052
[HGCALShowerBasedEmIdentification::lengthCompatibility] sigmalnalpha 0.132603
[HGCALShowerBasedEmIdentification::lengthCompatibility] predictedSigma 0.910704
[HGCALShowerBasedEmIdentification::lengthCompatibility] lengthCompatibility -0.375377
[HGCALShowerBasedEmIdentification::startPosition] showerPos  (-79.1875,-77.6055,331.134) 
[HGCALShowerBasedEmIdentification::startPosition] showerDir  (-0.205419,-0.247497,0.946862) 
[HGCALShowerBasedEmIdentification::startPosition] firstPos  (-77.0659,-75.0494,321.355) 
[HGCALShowerBasedEmIdentification::lengthCompatibility] sigma/m squared 1st term 0.00101286
[HGCALShowerBasedEmIdentification::lengthCompatibility] sigma/m squared with 2nd term 0.01208
[HGCALShowerBasedEmIdentification::lengthCompatibility] sigma/m squared with correlation 0.00831699
[HGCALShowerBasedEmIdentification::lengthCompatibility] predictedLength-length -0.341857
[HGCALShowerBasedEmIdentification::lengthCompatibility] sigmalntmax 0.1052
[HGCALShowerBasedEmIdentification::lengthCompatibility] sigmalnalpha 0.132603
[HGCALShowerBasedEmIdentification::lengthCompatibility] predictedSigma 0.910704
[HGCALShowerBasedEmIdentification::lengthCompatibility] lengthCompatibility -0.375377
[HGCALShowerBasedEmIdentification::startPosition] showerPos  (-79.1875,-77.6055,331.134) 
[HGCALShowerBasedEmIdentification::startPosition] showerDir  (-0.205419,-0.247497,0.946862) 
[HGCALShowerBasedEmIdentification::startPosition] firstPos  (-77.0659,-75.0494,321.355) 
[HGCALShowerBasedEmIdentification::startPosition] showerPos  (-79.1875,-77.6055,331.134) 
[HGCALShowerBasedEmIdentification::startPosition] showerDir  (-0.205419,-0.247497,0.946862) 
[HGCALShowerBasedEmIdentification::startPosition] firstPos  (-77.0659,-75.0494,321.355) 
[HGCALShowerBasedEmIdentification::startPosition] showerPos  (-79.1875,-77.6055,331.134) 
[HGCALShowerBasedEmIdentification::startPosition] showerDir  (-0.205419,-0.247497,0.946862) 
[HGCALShowerBasedEmIdentification::startPosition] firstPos  (-77.0659,-75.0494,321.355) 
[HGCALShowerBasedEmIdentification::startPosition] showerPos  (54.2678,-54.7458,-332.762) 
[HGCALShowerBasedEmIdentification::startPosition] showerDir  (0.143816,-0.177064,-0.973635) 
[HGCALShowerBasedEmIdentification::startPosition] firstPos  (52.4388,-52.494,-320.38) 
[HGCALShowerBasedEmIdentification::lengthCompatibility] sigma/m squared 1st term 0.000759223
[HGCALShowerBasedEmIdentification::lengthCompatibility] sigma/m squared with 2nd term 0.0101858
[HGCALShowerBasedEmIdentification::lengthCompatibility] sigma/m squared with correlation 0.00725818
[HGCALShowerBasedEmIdentification::lengthCompatibility] predictedLength-length -2.11941
[HGCALShowerBasedEmIdentification::lengthCompatibility] sigmalntmax 0.0970906
[HGCALShowerBasedEmIdentification::lengthCompatibility] sigmalnalpha 0.124295
[HGCALShowerBasedEmIdentification::lengthCompatibility] predictedSigma 0.902893
[HGCALShowerBasedEmIdentification::lengthCompatibility] lengthCompatibility -2.34735
[HGCALShowerBasedEmIdentification::startPosition] showerPos  (54.2678,-54.7458,-332.762) 
[HGCALShowerBasedEmIdentification::startPosition] showerDir  (0.143816,-0.177064,-0.973635) 
[HGCALShowerBasedEmIdentification::startPosition] firstPos  (52.4388,-52.494,-320.38) 
[HGCALShowerBasedEmIdentification::lengthCompatibility] sigma/m squared 1st term 0.000759223
[HGCALShowerBasedEmIdentification::lengthCompatibility] sigma/m squared with 2nd term 0.0101858
[HGCALShowerBasedEmIdentification::lengthCompatibility] sigma/m squared with correlation 0.00725818
[HGCALShowerBasedEmIdentification::lengthCompatibility] predictedLength-length -2.11941
[HGCALShowerBasedEmIdentification::lengthCompatibility] sigmalntmax 0.0970906
[HGCALShowerBasedEmIdentification::lengthCompatibility] sigmalnalpha 0.124295
[HGCALShowerBasedEmIdentification::lengthCompatibility] predictedSigma 0.902893
[HGCALShowerBasedEmIdentification::lengthCompatibility] lengthCompatibility -2.34735
[HGCALShowerBasedEmIdentification::startPosition] showerPos  (54.2678,-54.7458,-332.762) 
[HGCALShowerBasedEmIdentification::startPosition] showerDir  (0.143816,-0.177064,-0.973635) 
[HGCALShowerBasedEmIdentification::startPosition] firstPos  (52.4388,-52.494,-320.38) 
[HGCALShowerBasedEmIdentification::startPosition] showerPos  (54.2678,-54.7458,-332.762) 
[HGCALShowerBasedEmIdentification::startPosition] showerDir  (0.143816,-0.177064,-0.973635) 
[HGCALShowerBasedEmIdentification::startPosition] firstPos  (52.4388,-52.494,-320.38) 
[HGCALShowerBasedEmIdentification::startPosition] showerPos  (54.2678,-54.7458,-332.762) 
[HGCALShowerBasedEmIdentification::startPosition] showerDir  (0.143816,-0.177064,-0.973635) 
[HGCALShowerBasedEmIdentification::startPosition] firstPos  (52.4388,-52.494,-320.38) 
[HGCALShowerBasedEmIdentification::startPosition] showerPos  (-49.4819,50.7592,329.561) 
[HGCALShowerBasedEmIdentification::startPosition] showerDir  (-0.233942,0.0904045,0.968038) 
[HGCALShowerBasedEmIdentification::startPosition] firstPos  (-47.2631,49.9018,320.38) 
[HGCALShowerBasedEmIdentification::lengthCompatibility] sigma/m squared 1st term 0.000842482
[HGCALShowerBasedEmIdentification::lengthCompatibility] sigma/m squared with 2nd term 0.0108298
[HGCALShowerBasedEmIdentification::lengthCompatibility] sigma/m squared with correlation 0.00762374
[HGCALShowerBasedEmIdentification::lengthCompatibility] predictedLength-length 0.887566
[HGCALShowerBasedEmIdentification::lengthCompatibility] sigmalntmax 0.0999368
[HGCALShowerBasedEmIdentification::lengthCompatibility] sigmalnalpha 0.12724
[HGCALShowerBasedEmIdentification::lengthCompatibility] predictedSigma 0.905597
[HGCALShowerBasedEmIdentification::lengthCompatibility] lengthCompatibility 0.98009
[HGCALShowerBasedEmIdentification::startPosition] showerPos  (-49.4819,50.7592,329.561) 
[HGCALShowerBasedEmIdentification::startPosition] showerDir  (-0.233942,0.0904045,0.968038) 
[HGCALShowerBasedEmIdentification::startPosition] firstPos  (-47.2631,49.9018,320.38) 
[HGCALShowerBasedEmIdentification::lengthCompatibility] sigma/m squared 1st term 0.000842482
[HGCALShowerBasedEmIdentification::lengthCompatibility] sigma/m squared with 2nd term 0.0108298
[HGCALShowerBasedEmIdentification::lengthCompatibility] sigma/m squared with correlation 0.00762374
[HGCALShowerBasedEmIdentification::lengthCompatibility] predictedLength-length 0.887566
[HGCALShowerBasedEmIdentification::lengthCompatibility] sigmalntmax 0.0999368
[HGCALShowerBasedEmIdentification::lengthCompatibility] sigmalnalpha 0.12724
[HGCALShowerBasedEmIdentification::lengthCompatibility] predictedSigma 0.905597
[HGCALShowerBasedEmIdentification::lengthCompatibility] lengthCompatibility 0.98009
[HGCALShowerBasedEmIdentification::startPosition] showerPos  (-49.4819,50.7592,329.561) 
[HGCALShowerBasedEmIdentification::startPosition] showerDir  (-0.233942,0.0904045,0.968038) 
[HGCALShowerBasedEmIdentification::startPosition] firstPos  (-47.2631,49.9018,320.38) 
[HGCALShowerBasedEmIdentification::startPosition] showerPos  (-49.4819,50.7592,329.561) 
[HGCALShowerBasedEmIdentification::startPosition] showerDir  (-0.233942,0.0904045,0.968038) 
[HGCALShowerBasedEmIdentification::startPosition] firstPos  (-47.2631,49.9018,320.38) 
[HGCALShowerBasedEmIdentification::startPosition] showerPos  (-49.4819,50.7592,329.561) 
[HGCALShowerBasedEmIdentification::startPosition] showerDir  (-0.233942,0.0904045,0.968038) 
[HGCALShowerBasedEmIdentification::startPosition] firstPos  (-47.2631,49.9018,320.38) 
[HGCALShowerBasedEmIdentification::startPosition] showerPos  (141.205,40.2105,-328.603) 
[HGCALShowerBasedEmIdentification::startPosition] showerDir  (0.387421,0.139143,-0.911342) 
[HGCALShowerBasedEmIdentification::startPosition] firstPos  (138.124,39.104,-321.355) 
[HGCALShowerBasedEmIdentification::lengthCompatibility] sigma/m squared 1st term 0.00141672
[HGCALShowerBasedEmIdentification::lengthCompatibility] sigma/m squared with 2nd term 0.0147776
[HGCALShowerBasedEmIdentification::lengthCompatibility] sigma/m squared with correlation 0.00974918
[HGCALShowerBasedEmIdentification::lengthCompatibility] predictedLength-length 1.37674
[HGCALShowerBasedEmIdentification::lengthCompatibility] sigmalntmax 0.115589
[HGCALShowerBasedEmIdentification::lengthCompatibility] sigmalnalpha 0.142879
[HGCALShowerBasedEmIdentification::lengthCompatibility] predictedSigma 0.921185
[HGCALShowerBasedEmIdentification::lengthCompatibility] lengthCompatibility 1.49454
[HGCALShowerBasedEmIdentification::startPosition] showerPos  (141.205,40.2105,-328.603) 
[HGCALShowerBasedEmIdentification::startPosition] showerDir  (0.387421,0.139143,-0.911342) 
[HGCALShowerBasedEmIdentification::startPosition] firstPos  (138.124,39.104,-321.355) 
[HGCALShowerBasedEmIdentification::lengthCompatibility] sigma/m squared 1st term 0.00141672
[HGCALShowerBasedEmIdentification::lengthCompatibility] sigma/m squared with 2nd term 0.0147776
[HGCALShowerBasedEmIdentification::lengthCompatibility] sigma/m squared with correlation 0.00974918
[HGCALShowerBasedEmIdentification::lengthCompatibility] predictedLength-length 1.37674
[HGCALShowerBasedEmIdentification::lengthCompatibility] sigmalntmax 0.115589
[HGCALShowerBasedEmIdentification::lengthCompatibility] sigmalnalpha 0.142879
[HGCALShowerBasedEmIdentification::lengthCompatibility] predictedSigma 0.921185
[HGCALShowerBasedEmIdentification::lengthCompatibility] lengthCompatibility 1.49454
[HGCALShowerBasedEmIdentification::startPosition] showerPos  (141.205,40.2105,-328.603) 
[HGCALShowerBasedEmIdentification::startPosition] showerDir  (0.387421,0.139143,-0.911342) 
[HGCALShowerBasedEmIdentification::startPosition] firstPos  (138.124,39.104,-321.355) 
[HGCALShowerBasedEmIdentification::startPosition] showerPos  (141.205,40.2105,-328.603) 
[HGCALShowerBasedEmIdentification::startPosition] showerDir  (0.387421,0.139143,-0.911342) 
[HGCALShowerBasedEmIdentification::startPosition] firstPos  (138.124,39.104,-321.355) 
[HGCALShowerBasedEmIdentification::startPosition] showerPos  (141.205,40.2105,-328.603) 
[HGCALShowerBasedEmIdentification::startPosition] showerDir  (0.387421,0.139143,-0.911342) 
[HGCALShowerBasedEmIdentification::startPosition] firstPos  (138.124,39.104,-321.355) 
[HGCALShowerBasedEmIdentification::startPosition] showerPos  (-143.041,-34.6504,331.16) 
[HGCALShowerBasedEmIdentification::startPosition] showerDir  (-0.39362,-0.0969651,0.914145) 
[HGCALShowerBasedEmIdentification::startPosition] firstPos  (-139.54,-33.788,323.03) 
[HGCALShowerBasedEmIdentification::lengthCompatibility] sigma/m squared 1st term 0.00130122
[HGCALShowerBasedEmIdentification::lengthCompatibility] sigma/m squared with 2nd term 0.0140372
[HGCALShowerBasedEmIdentification::lengthCompatibility] sigma/m squared with correlation 0.00936397
[HGCALShowerBasedEmIdentification::lengthCompatibility] predictedLength-length 0.59658
[HGCALShowerBasedEmIdentification::lengthCompatibility] sigmalntmax 0.112854
[HGCALShowerBasedEmIdentification::lengthCompatibility] sigmalnalpha 0.140212
[HGCALShowerBasedEmIdentification::lengthCompatibility] predictedSigma 0.918374
[HGCALShowerBasedEmIdentification::lengthCompatibility] lengthCompatibility 0.649605
[HGCALShowerBasedEmIdentification::startPosition] showerPos  (-143.041,-34.6504,331.16) 
[HGCALShowerBasedEmIdentification::startPosition] showerDir  (-0.39362,-0.0969651,0.914145) 
[HGCALShowerBasedEmIdentification::startPosition] firstPos  (-139.54,-33.788,323.03) 
[HGCALShowerBasedEmIdentification::lengthCompatibility] sigma/m squared 1st term 0.00130122
[HGCALShowerBasedEmIdentification::lengthCompatibility] sigma/m squared with 2nd term 0.0140372
[HGCALShowerBasedEmIdentification::lengthCompatibility] sigma/m squared with correlation 0.00936397
[HGCALShowerBasedEmIdentification::lengthCompatibility] predictedLength-length 0.59658
[HGCALShowerBasedEmIdentification::lengthCompatibility] sigmalntmax 0.112854
[HGCALShowerBasedEmIdentification::lengthCompatibility] sigmalnalpha 0.140212
[HGCALShowerBasedEmIdentification::lengthCompatibility] predictedSigma 0.918374
[HGCALShowerBasedEmIdentification::lengthCompatibility] lengthCompatibility 0.649605
[HGCALShowerBasedEmIdentification::startPosition] showerPos  (-143.041,-34.6504,331.16) 
[HGCALShowerBasedEmIdentification::startPosition] showerDir  (-0.39362,-0.0969651,0.914145) 
[HGCALShowerBasedEmIdentification::startPosition] firstPos  (-139.54,-33.788,323.03) 
[HGCALShowerBasedEmIdentification::startPosition] showerPos  (-143.041,-34.6504,331.16) 
[HGCALShowerBasedEmIdentification::startPosition] showerDir  (-0.39362,-0.0969651,0.914145) 
[HGCALShowerBasedEmIdentification::startPosition] firstPos  (-139.54,-33.788,323.03) 
